<?xml version="1.0" encoding="UTF-8"?>
<!-- Generated by org.testng.reporters.JUnitXMLReporter -->
<testsuite hostname="Parags-MacBook-Air.local" ignored="0" name="Default test" tests="2" failures="0" timestamp="2023-02-02T22:38:16 CET" time="26.964" errors="0">
  <testcase name="searchForAJobMatchingGivenCriteria" time="16.568" classname="com.assignment.testautomation.TestBasicFuntionality"/>
  <testcase name="customerIsNotifiedWhenNoOffersMatchGivenCriteria" time="1.674" classname="com.assignment.testautomation.TestBasicFuntionality"/>
</testsuite> <!-- Default test -->
